<?xml version="1.0" encoding="UTF-8"?>
<testng-results skipped="0" failed="0" ignored="0" total="1" passed="1">
  <reporter-output>
  </reporter-output>
  <suite name="Default suite" duration-ms="45" started-at="2024-03-13T07:48:27 CET" finished-at="2024-03-13T07:48:27 CET">
    <groups>
    </groups>
    <test name="Default test" duration-ms="45" started-at="2024-03-13T07:48:27 CET" finished-at="2024-03-13T07:48:27 CET">
      <class name="dsapractice.BinarySearch.LC2485_FindPivotInteger">
        <test-method status="PASS" signature="test()[pri:0, instance:dsapractice.BinarySearch.LC2485_FindPivotInteger@3224f60b]" name="test" duration-ms="10" started-at="2024-03-13T07:48:27 CET" finished-at="2024-03-13T07:48:27 CET">
          <reporter-output>
          </reporter-output>
        </test-method> <!-- test -->
      </class> <!-- dsapractice.BinarySearch.LC2485_FindPivotInteger -->
    </test> <!-- Default test -->
  </suite> <!-- Default suite -->
</testng-results>
